<?xml version="1.0" encoding="UTF-8"?>
<testsuites tests="1" failures="0" disabled="0" errors="0" time="0.097" timestamp="2026-01-02T00:25:42.179" name="AllTests">
  <testsuite name="Conv2dTest" tests="1" failures="0" disabled="0" skipped="0" errors="0" time="0.096" timestamp="2026-01-02T00:25:42.179">
    <testcase name="ParallelExecution" file="/home/ensismoebius/Repos/doutorado/software/nn/src/core/layers/tests/layers_gtest.cpp" line="467" status="run" result="completed" time="0.096" timestamp="2026-01-02T00:25:42.179" classname="Conv2dTest" />
  </testsuite>
</testsuites>
